<?xml version="1.0" encoding="UTF-8"?>
<!-- Generated by org.testng.reporters.JUnitReportReporter -->
<testsuite hostname="LAPTOP-VPVH4IKM" failures="0" tests="1" name="com.ddf.test.LoginTest.loginTest_v4" time="10.611" errors="1" timestamp="2021-10-09T17:25:04 IST" skipped="0">
  <testcase classname="com.ddf.test.LoginTest.loginTest_v4" name="testOne" time="10.611">
    <error message="session not created
from disconnected: received Inspector.detached event
  (Session info: chrome=94.0.4606.71)
Build info: version: &#039;3.141.59&#039;, revision: &#039;e82be7d358&#039;, time: &#039;2018-11-14T08:17:03&#039;
System info: host: &#039;LAPTOP-VPVH4IKM&#039;, ip: &#039;192.168.56.1&#039;, os.name: &#039;Windows 10&#039;, os.arch: &#039;amd64&#039;, os.version: &#039;10.0&#039;, java.version: &#039;16.0.2&#039;
Driver info: driver.version: ChromeDriver
remote stacktrace: Backtrace:
	Ordinal0 [0x0065B9D3+2472403]
	Ordinal0 [0x005F6961+2058593]
	Ordinal0 [0x005022B8+1057464]
	Ordinal0 [0x004F55E4+1005028]
	Ordinal0 [0x004F5226+1004070]
	Ordinal0 [0x004F496A+1001834]
	Ordinal0 [0x004F3AFD+998141]
	Ordinal0 [0x004F3DB6+998838]
	Ordinal0 [0x004F36A5+997029]
	Ordinal0 [0x004FE3A4+1041316]
	Ordinal0 [0x004F3661+996961]
	Ordinal0 [0x004F4586+1000838]
	Ordinal0 [0x004F3AFD+998141]
	Ordinal0 [0x004F3DB6+998838]
	Ordinal0 [0x004F36A5+997029]
	Ordinal0 [0x004FC37A+1033082]
	Ordinal0 [0x004F3661+996961]
	Ordinal0 [0x004F4586+1000838]
	Ordinal0 [0x004F3AFD+998141]
	Ordinal0 [0x004F3DB6+998838]
	Ordinal0 [0x004F36A5+997029]
	Ordinal0 [0x004FA189+1024393]
	Ordinal0 [0x004F3661+996961]
	Ordinal0 [0x004F4586+1000838]
	Ordinal0 [0x004F3AFD+998141]
	Ordinal0 [0x004F3DB6+998838]
	Ordinal0 [0x004F36A5+997029]
	Ordinal0 [0x004F94AC+1021100]
	Ordinal0 [0x004F3661+996961]
	Ordinal0 [0x004F4586+1000838]
	Ordinal0 [0x004F3AFD+998141]
	Ordinal0 [0x004F3DB6+998838]
	Ordinal0 [0x004F36A5+997029]
	Ordinal0 [0x004EF28D+979597]
	Ordinal0 [0x004F3661+996961]
	Ordinal0 [0x004F3400+996352]
	Ordinal0 [0x004F3199+995737]
	Ordinal0 [0x005034D0+1062096]
	Ordinal0 [0x0054A94A+1354058]
	Ordinal0 [0x005495EA+1349098]
	Ordinal0 [0x0054545B+1332315]
	Ordinal0 [0x00521FB4+1187764]
	Ordinal0 [0x00522E09+1191433]
	GetHandleVerifier [0x007E3396+1551078]
	GetHandleVerifier [0x0088D53A+2247818]
	GetHandleVerifier [0x006E7FBB+521995]
	GetHandleVerifier [0x006E7079+518089]
	Ordinal0 [0x005FBD4D+2080077]
	Ordinal0 [0x005FFC18+2096152]
	Ordinal0 [0x005FFD52+2096466]
	Ordinal0 [0x006094B1+2135217]
	BaseThreadInitThunk [0x7769FA29+25]
	RtlGetAppContainerNamedObjectPath [0x77977A9E+286]
	RtlGetAppContainerNamedObjectPath [0x77977A6E+238]
" type="org.openqa.selenium.SessionNotCreatedException">
      <![CDATA[org.openqa.selenium.SessionNotCreatedException: session not created
from disconnected: received Inspector.detached event
  (Session info: chrome=94.0.4606.71)
Build info: version: '3.141.59', revision: 'e82be7d358', time: '2018-11-14T08:17:03'
System info: host: 'LAPTOP-VPVH4IKM', ip: '192.168.56.1', os.name: 'Windows 10', os.arch: 'amd64', os.version: '10.0', java.version: '16.0.2'
Driver info: driver.version: ChromeDriver
remote stacktrace: Backtrace:
Ordinal0 [0x0065B9D3+2472403]
Ordinal0 [0x005F6961+2058593]
Ordinal0 [0x005022B8+1057464]
Ordinal0 [0x004F55E4+1005028]
Ordinal0 [0x004F5226+1004070]
Ordinal0 [0x004F496A+1001834]
Ordinal0 [0x004F3AFD+998141]
Ordinal0 [0x004F3DB6+998838]
Ordinal0 [0x004F36A5+997029]
Ordinal0 [0x004FE3A4+1041316]
Ordinal0 [0x004F3661+996961]
Ordinal0 [0x004F4586+1000838]
Ordinal0 [0x004F3AFD+998141]
Ordinal0 [0x004F3DB6+998838]
Ordinal0 [0x004F36A5+997029]
Ordinal0 [0x004FC37A+1033082]
Ordinal0 [0x004F3661+996961]
Ordinal0 [0x004F4586+1000838]
Ordinal0 [0x004F3AFD+998141]
Ordinal0 [0x004F3DB6+998838]
Ordinal0 [0x004F36A5+997029]
Ordinal0 [0x004FA189+1024393]
Ordinal0 [0x004F3661+996961]
Ordinal0 [0x004F4586+1000838]
Ordinal0 [0x004F3AFD+998141]
Ordinal0 [0x004F3DB6+998838]
Ordinal0 [0x004F36A5+997029]
Ordinal0 [0x004F94AC+1021100]
Ordinal0 [0x004F3661+996961]
Ordinal0 [0x004F4586+1000838]
Ordinal0 [0x004F3AFD+998141]
Ordinal0 [0x004F3DB6+998838]
Ordinal0 [0x004F36A5+997029]
Ordinal0 [0x004EF28D+979597]
Ordinal0 [0x004F3661+996961]
Ordinal0 [0x004F3400+996352]
Ordinal0 [0x004F3199+995737]
Ordinal0 [0x005034D0+1062096]
Ordinal0 [0x0054A94A+1354058]
Ordinal0 [0x005495EA+1349098]
Ordinal0 [0x0054545B+1332315]
Ordinal0 [0x00521FB4+1187764]
Ordinal0 [0x00522E09+1191433]
GetHandleVerifier [0x007E3396+1551078]
GetHandleVerifier [0x0088D53A+2247818]
GetHandleVerifier [0x006E7FBB+521995]
GetHandleVerifier [0x006E7079+518089]
Ordinal0 [0x005FBD4D+2080077]
Ordinal0 [0x005FFC18+2096152]
Ordinal0 [0x005FFD52+2096466]
Ordinal0 [0x006094B1+2135217]
BaseThreadInitThunk [0x7769FA29+25]
RtlGetAppContainerNamedObjectPath [0x77977A9E+286]
RtlGetAppContainerNamedObjectPath [0x77977A6E+238]

at java.base/jdk.internal.reflect.NativeConstructorAccessorImpl.newInstance0(Native Method)
at java.base/jdk.internal.reflect.NativeConstructorAccessorImpl.newInstance(NativeConstructorAccessorImpl.java:78)
at java.base/jdk.internal.reflect.DelegatingConstructorAccessorImpl.newInstance(DelegatingConstructorAccessorImpl.java:45)
at java.base/java.lang.reflect.Constructor.newInstanceWithCaller(Constructor.java:499)
at java.base/java.lang.reflect.Constructor.newInstance(Constructor.java:480)
at org.openqa.selenium.remote.W3CHandshakeResponse.lambda$errorHandler$0(W3CHandshakeResponse.java:62)
at org.openqa.selenium.remote.HandshakeResponse.lambda$getResponseFunction$0(HandshakeResponse.java:30)
at org.openqa.selenium.remote.ProtocolHandshake.lambda$createSession$0(ProtocolHandshake.java:126)
at java.base/java.util.stream.ReferencePipeline$3$1.accept(ReferencePipeline.java:197)
at java.base/java.util.Spliterators$ArraySpliterator.tryAdvance(Spliterators.java:958)
at java.base/java.util.stream.ReferencePipeline.forEachWithCancel(ReferencePipeline.java:129)
at java.base/java.util.stream.AbstractPipeline.copyIntoWithCancel(AbstractPipeline.java:502)
at java.base/java.util.stream.AbstractPipeline.copyInto(AbstractPipeline.java:488)
at java.base/java.util.stream.AbstractPipeline.wrapAndCopyInto(AbstractPipeline.java:474)
at java.base/java.util.stream.FindOps$FindOp.evaluateSequential(FindOps.java:150)
at java.base/java.util.stream.AbstractPipeline.evaluate(AbstractPipeline.java:234)
at java.base/java.util.stream.ReferencePipeline.findFirst(ReferencePipeline.java:647)
at org.openqa.selenium.remote.ProtocolHandshake.createSession(ProtocolHandshake.java:128)
at org.openqa.selenium.remote.ProtocolHandshake.createSession(ProtocolHandshake.java:74)
at org.openqa.selenium.remote.HttpCommandExecutor.execute(HttpCommandExecutor.java:136)
at org.openqa.selenium.remote.service.DriverCommandExecutor.execute(DriverCommandExecutor.java:83)
at org.openqa.selenium.remote.RemoteWebDriver.execute(RemoteWebDriver.java:552)
at org.openqa.selenium.remote.RemoteWebDriver.startSession(RemoteWebDriver.java:213)
at org.openqa.selenium.remote.RemoteWebDriver.<init>(RemoteWebDriver.java:131)
at org.openqa.selenium.chrome.ChromeDriver.<init>(ChromeDriver.java:181)
at org.openqa.selenium.chrome.ChromeDriver.<init>(ChromeDriver.java:168)
at org.openqa.selenium.chrome.ChromeDriver.<init>(ChromeDriver.java:123)
at com.ddf.base.BaseUI_v4.invokeBrowser(BaseUI_v4.java:46)
at com.ddf.test.LoginTest.loginTest_v4.testOne(loginTest_v4.java:25)
at java.base/jdk.internal.reflect.NativeMethodAccessorImpl.invoke0(Native Method)
at java.base/jdk.internal.reflect.NativeMethodAccessorImpl.invoke(NativeMethodAccessorImpl.java:78)
at java.base/jdk.internal.reflect.DelegatingMethodAccessorImpl.invoke(DelegatingMethodAccessorImpl.java:43)
at java.base/java.lang.reflect.Method.invoke(Method.java:567)
at org.testng.internal.MethodInvocationHelper.invokeMethod(MethodInvocationHelper.java:133)
at org.testng.internal.TestInvoker.invokeMethod(TestInvoker.java:598)
at org.testng.internal.TestInvoker.invokeTestMethod(TestInvoker.java:173)
at org.testng.internal.MethodRunner.runInSequence(MethodRunner.java:46)
at org.testng.internal.TestInvoker$MethodInvocationAgent.invoke(TestInvoker.java:824)
at org.testng.internal.TestInvoker.invokeTestMethods(TestInvoker.java:146)
at org.testng.internal.TestMethodWorker.invokeTestMethods(TestMethodWorker.java:146)
at org.testng.internal.TestMethodWorker.run(TestMethodWorker.java:128)
at java.base/java.util.ArrayList.forEach(ArrayList.java:1511)
at org.testng.TestRunner.privateRun(TestRunner.java:794)
at org.testng.TestRunner.run(TestRunner.java:596)
at org.testng.SuiteRunner.runTest(SuiteRunner.java:377)
at org.testng.SuiteRunner.runSequentially(SuiteRunner.java:371)
at org.testng.SuiteRunner.privateRun(SuiteRunner.java:332)
at org.testng.SuiteRunner.run(SuiteRunner.java:276)
at org.testng.SuiteRunnerWorker.runSuite(SuiteRunnerWorker.java:53)
at org.testng.SuiteRunnerWorker.run(SuiteRunnerWorker.java:96)
at org.testng.TestNG.runSuitesSequentially(TestNG.java:1212)
at org.testng.TestNG.runSuitesLocally(TestNG.java:1134)
at org.testng.TestNG.runSuites(TestNG.java:1063)
at org.testng.TestNG.run(TestNG.java:1031)
at org.testng.remote.AbstractRemoteTestNG.run(AbstractRemoteTestNG.java:115)
at org.testng.remote.RemoteTestNG.initAndRun(RemoteTestNG.java:251)
at org.testng.remote.RemoteTestNG.main(RemoteTestNG.java:77)
]]>
    </error>
  </testcase> <!-- testOne -->
  <system-out/>
</testsuite> <!-- com.ddf.test.LoginTest.loginTest_v4 -->
